Arguments: 
  /Users/carlosssramosss/.nvm/versions/node/v16.13.1/bin/node /Users/carlosssramosss/.nvm/versions/node/v16.13.1/bin/yarn install

PATH: 
  /Users/carlosssramosss/.nvm/versions/node/v16.13.1/bin:/Users/carlosssramosss/Library/Python/3.8/bin:.:/Users/carlosssramosss/bin:/opt/homebrew/bin:/usr/local/bin:/Users/carlosssramosss/.nix-profile/bin:/nix/var/nix/profiles/default/bin:/usr/local/bin:/usr/bin:/bin:/usr/sbin:/sbin:/usr/local/go/bin:/Users/carlosssramosss/.nvm/versions/node/v16.13.1/bin:/Users/carlosssramosss/Library/Python/3.8/bin:.:/Users/carlosssramosss/bin:/opt/homebrew/bin:/Users/carlosssramosss/.nix-profile/bin:/nix/var/nix/profiles/default/bin:/Users/carlosssramosss/.cargo/bin:/.cargo/bin:/Users/carlosssramosss/.foundry/bin:/usr/local/go/bin:/.cargo/bin:/Users/carlosssramosss/.foundry/bin

Yarn version: 
  1.22.17

Node version: 
  16.13.1

Platform: 
  darwin arm64

Trace: 
  Error: getaddrinfo ENOTFOUND registry.yarnpkg.com
      at GetAddrInfoReqWrap.onlookup [as oncomplete] (node:dns:71:26)

npm manifest: 
  {
    "dependencies": {
      "bignumber.js": "^9.1.0",
      "dotenv": "^16.0.3",
      "express": "^4.18.1",
      "minimist": "^1.2.5",
      "morgan-body": "^2.6.8",
      "nft.storage": "^7.0.0",
      "node-fetch": "^2.6.7",
      "pdfkit": "^0.13.0",
      "pdfkit-table": "^0.1.99",
      "web3.storage": "^3.1.0"
    },
    "devDependencies": {
      "@types/express": "^4.17.14",
      "@types/node": "^18.8.1",
      "@types/node-fetch": "^2.6.2",
      "@types/pdfkit": "^0.12.6",
      "concurrently": "^7.4.0",
      "nodemon": "^2.0.20",
      "typescript": "^4.8.4"
    },
    "scripts": {
      "build": "npx tsc",
      "start": "node dist/server.js",
      "dev": "concurrently \"npx tsc --watch\" \"nodemon -q dist/server.js\""
    }
  }

yarn manifest: 
  No manifest

Lockfile: 
  No lockfile
